#
# There is insufficient memory for the Java Runtime Environment to continue.
# Native memory allocation (malloc) failed to allocate 131088 bytes for Chunk::new
# Possible reasons:
#   The system is out of physical RAM or swap space
#   In 32 bit mode, the process size limit was hit
# Possible solutions:
#   Reduce memory load on the system
#   Increase physical memory or swap space
#   Check if swap backing store is full
#   Use 64 bit Java on a 64 bit OS
#   Decrease Java heap size (-Xmx/-Xms)
#   Decrease number of Java threads
#   Decrease Java thread stack sizes (-Xss)
#   Set larger code cache with -XX:ReservedCodeCacheSize=
# This output file may be truncated or incomplete.
#
#  Out of Memory Error (allocation.cpp:390), pid=10040, tid=8624
#
# JRE version: Java(TM) SE Runtime Environment (8.0_66-b18) (build 1.8.0_66-b18)
# Java VM: Java HotSpot(TM) 64-Bit Server VM (25.66-b18 mixed mode windows-amd64 compressed oops)
# Failed to write core dump. Minidumps are not enabled by default on client versions of Windows
#

---------------  T H R E A D  ---------------

Current thread (0x0000000015599800):  JavaThread "C2 CompilerThread1" daemon [_thread_in_native, id=8624, stack(0x0000000016f90000,0x0000000017090000)]

Stack: [0x0000000016f90000,0x0000000017090000]
[error occurred during error reporting (printing stack bounds), id 0xc0000005]

Native frames: (J=compiled Java code, j=interpreted, Vv=VM code, C=native code)


Current CompileTask:
C2:   4585 1980       4       com.android.dx.ssa.LocalVariableExtractor::processBlock (383 bytes)


---------------  P R O C E S S  ---------------

Java Threads: ( => current thread )
  0x0000000016b1c800 JavaThread "pool-2-thread-4" [_thread_blocked, id=9432, stack(0x0000000017790000,0x0000000017890000)]
  0x0000000016b1b000 JavaThread "pool-2-thread-3" [_thread_in_Java, id=4360, stack(0x0000000017690000,0x0000000017790000)]
  0x0000000016b1a000 JavaThread "pool-2-thread-2" [_thread_blocked, id=9976, stack(0x0000000017590000,0x0000000017690000)]
  0x0000000016b17800 JavaThread "pool-3-thread-1" [_thread_blocked, id=10700, stack(0x0000000017490000,0x0000000017590000)]
  0x0000000016b0f800 JavaThread "pool-2-thread-1" [_thread_in_Java, id=10540, stack(0x0000000017390000,0x0000000017490000)]
  0x00000000168f4000 JavaThread "Service Thread" daemon [_thread_blocked, id=7616, stack(0x0000000017190000,0x0000000017290000)]
  0x000000001559c000 JavaThread "C1 CompilerThread2" daemon [_thread_blocked, id=8620, stack(0x0000000017090000,0x0000000017190000)]
=>0x0000000015599800 JavaThread "C2 CompilerThread1" daemon [_thread_in_native, id=8624, stack(0x0000000016f90000,0x0000000017090000)]
  0x000000001555a800 JavaThread "C2 CompilerThread0" daemon [_thread_in_native, id=7816, stack(0x0000000016e90000,0x0000000016f90000)]
  0x00000000168d3000 JavaThread "Attach Listener" daemon [_thread_blocked, id=10988, stack(0x0000000016d90000,0x0000000016e90000)]
  0x00000000168d2800 JavaThread "Signal Dispatcher" daemon [_thread_blocked, id=10116, stack(0x0000000016c90000,0x0000000016d90000)]
  0x0000000002e61800 JavaThread "Finalizer" daemon [_thread_blocked, id=11148, stack(0x0000000016790000,0x0000000016890000)]
  0x0000000002e5e800 JavaThread "Reference Handler" daemon [_thread_blocked, id=116, stack(0x0000000016690000,0x0000000016790000)]
  0x0000000002b6e000 JavaThread "main" [_thread_in_vm, id=540, stack(0x0000000002b70000,0x0000000002c70000)]

Other Threads:
  0x0000000015508800 VMThread [stack: 0x0000000016590000,0x0000000016690000] [id=6628]
  0x0000000016956000 WatcherThread [stack: 0x0000000017290000,0x0000000017390000] [id=9504]

VM state:not at safepoint (normal execution)

VM Mutex/Monitor currently owned by a thread: None

Heap:
 PSYoungGen      total 71680K, used 46470K [0x00000000eab00000, 0x00000000ef600000, 0x0000000100000000)
  eden space 66560K, 62% used [0x00000000eab00000,0x00000000ed361c08,0x00000000eec00000)
  from space 5120K, 99% used [0x00000000eec00000,0x00000000ef0ffed8,0x00000000ef100000)
  to   space 5120K, 0% used [0x00000000ef100000,0x00000000ef100000,0x00000000ef600000)
 ParOldGen       total 87552K, used 36066K [0x00000000c0000000, 0x00000000c5580000, 0x00000000eab00000)
  object space 87552K, 41% used [0x00000000c0000000,0x00000000c2338938,0x00000000c5580000)
 Metaspace       used 6445K, capacity 7256K, committed 7424K, reserved 1056768K
  class space    used 618K, capacity 656K, committed 768K, reserved 1048576K

Card table byte_map: [0x0000000012230000,0x0000000012440000] byte_map_base: 0x0000000011c30000

Marking Bits: (ParMarkBitMap*) 0x000000006d47a5b0
 Begin Bits: [0x00000000129a0000, 0x00000000139a0000)
 End Bits:   [0x00000000139a0000, 0x00000000149a0000)

Polling page: 0x0000000000f00000

CodeCache: size=245760Kb used=8060Kb max_used=8077Kb free=237699Kb
 bounds [0x0000000002e70000, 0x0000000003660000, 0x0000000011e70000]
 total_blobs=2207 nmethods=1935 adapters=184
 compilation: enabled

Compilation events (10 events):
Event: 4.459 Thread 0x000000001559c000 1978       2       com.android.dx.util.ByteArray$MyInputStream::available (13 bytes)
Event: 4.460 Thread 0x000000001559c000 nmethod 1978 0x0000000003619190 code [0x00000000036192e0, 0x0000000003619430]
Event: 4.489 Thread 0x000000001559c000 1981       2       java.util.concurrent.ArrayBlockingQueue::enqueue (53 bytes)
Event: 4.489 Thread 0x000000001559c000 nmethod 1981 0x0000000003618a50 code [0x0000000003618be0, 0x0000000003618f28]
Event: 4.501 Thread 0x000000001559c000 1982       1       com.android.dx.cf.code.BaseMachine::getAuxInt (5 bytes)
Event: 4.501 Thread 0x000000001559c000 nmethod 1982 0x0000000003618790 code [0x00000000036188e0, 0x00000000036189f0]
Event: 4.517 Thread 0x000000001559c000 1983   !   2       com.android.dx.cf.code.BytecodeArray::parseInstruction (2764 bytes)
Event: 4.527 Thread 0x000000001559c000 nmethod 1983 0x0000000003640690 code [0x00000000036415c0, 0x0000000003647ae8]
Event: 4.561 Thread 0x0000000015599800 nmethod 1961 0x0000000003657350 code [0x00000000036575c0, 0x00000000036596c8]
Event: 4.561 Thread 0x0000000015599800 1980       4       com.android.dx.ssa.LocalVariableExtractor::processBlock (383 bytes)

GC Heap History (10 events):
Event: 1.591 GC heap before
{Heap before GC invocations=1 (full 0):
 PSYoungGen      total 38400K, used 33280K [0x00000000eab00000, 0x00000000ed580000, 0x0000000100000000)
  eden space 33280K, 100% used [0x00000000eab00000,0x00000000ecb80000,0x00000000ecb80000)
  from space 5120K, 0% used [0x00000000ed080000,0x00000000ed080000,0x00000000ed580000)
  to   space 5120K, 0% used [0x00000000ecb80000,0x00000000ecb80000,0x00000000ed080000)
 ParOldGen       total 87552K, used 0K [0x00000000c0000000, 0x00000000c5580000, 0x00000000eab00000)
  object space 87552K, 0% used [0x00000000c0000000,0x00000000c0000000,0x00000000c5580000)
 Metaspace       used 5929K, capacity 6896K, committed 7040K, reserved 1056768K
  class space    used 590K, capacity 616K, committed 640K, reserved 1048576K
Event: 1.610 GC heap after
Heap after GC invocations=1 (full 0):
 PSYoungGen      total 38400K, used 5106K [0x00000000eab00000, 0x00000000ef600000, 0x0000000100000000)
  eden space 33280K, 0% used [0x00000000eab00000,0x00000000eab00000,0x00000000ecb80000)
  from space 5120K, 99% used [0x00000000ecb80000,0x00000000ed07cad8,0x00000000ed080000)
  to   space 5120K, 0% used [0x00000000ef100000,0x00000000ef100000,0x00000000ef600000)
 ParOldGen       total 87552K, used 1752K [0x00000000c0000000, 0x00000000c5580000, 0x00000000eab00000)
  object space 87552K, 2% used [0x00000000c0000000,0x00000000c01b6328,0x00000000c5580000)
 Metaspace       used 5929K, capacity 6896K, committed 7040K, reserved 1056768K
  class space    used 590K, capacity 616K, committed 640K, reserved 1048576K
}
Event: 2.151 GC heap before
{Heap before GC invocations=2 (full 0):
 PSYoungGen      total 38400K, used 38386K [0x00000000eab00000, 0x00000000ef600000, 0x0000000100000000)
  eden space 33280K, 100% used [0x00000000eab00000,0x00000000ecb80000,0x00000000ecb80000)
  from space 5120K, 99% used [0x00000000ecb80000,0x00000000ed07cad8,0x00000000ed080000)
  to   space 5120K, 0% used [0x00000000ef100000,0x00000000ef100000,0x00000000ef600000)
 ParOldGen       total 87552K, used 1752K [0x00000000c0000000, 0x00000000c5580000, 0x00000000eab00000)
  object space 87552K, 2% used [0x00000000c0000000,0x00000000c01b6328,0x00000000c5580000)
 Metaspace       used 6168K, capacity 7088K, committed 7296K, reserved 1056768K
  class space    used 597K, capacity 616K, committed 640K, reserved 1048576K
Event: 2.166 GC heap after
Heap after GC invocations=2 (full 0):
 PSYoungGen      total 71680K, used 5095K [0x00000000eab00000, 0x00000000ef600000, 0x0000000100000000)
  eden space 66560K, 0% used [0x00000000eab00000,0x00000000eab00000,0x00000000eec00000)
  from space 5120K, 99% used [0x00000000ef100000,0x00000000ef5f9cc0,0x00000000ef600000)
  to   space 5120K, 0% used [0x00000000eec00000,0x00000000eec00000,0x00000000ef100000)
 ParOldGen       total 87552K, used 6760K [0x00000000c0000000, 0x00000000c5580000, 0x00000000eab00000)
  object space 87552K, 7% used [0x00000000c0000000,0x00000000c069a0b8,0x00000000c5580000)
 Metaspace       used 6168K, capacity 7088K, committed 7296K, reserved 1056768K
  class space    used 597K, capacity 616K, committed 640K, reserved 1048576K
}
Event: 2.798 GC heap before
{Heap before GC invocations=3 (full 0):
 PSYoungGen      total 71680K, used 71655K [0x00000000eab00000, 0x00000000ef600000, 0x0000000100000000)
  eden space 66560K, 100% used [0x00000000eab00000,0x00000000eec00000,0x00000000eec00000)
  from space 5120K, 99% used [0x00000000ef100000,0x00000000ef5f9cc0,0x00000000ef600000)
  to   space 5120K, 0% used [0x00000000eec00000,0x00000000eec00000,0x00000000ef100000)
 ParOldGen       total 87552K, used 6760K [0x00000000c0000000, 0x00000000c5580000, 0x00000000eab00000)
  object space 87552K, 7% used [0x00000000c0000000,0x00000000c069a0b8,0x00000000c5580000)
 Metaspace       used 6243K, capacity 7152K, committed 7296K, reserved 1056768K
  class space    used 598K, capacity 616K, committed 640K, reserved 1048576K
Event: 2.832 GC heap after
Heap after GC invocations=3 (full 0):
 PSYoungGen      total 71680K, used 5116K [0x00000000eab00000, 0x00000000ef600000, 0x0000000100000000)
  eden space 66560K, 0% used [0x00000000eab00000,0x00000000eab00000,0x00000000eec00000)
  from space 5120K, 99% used [0x00000000eec00000,0x00000000ef0ff2e8,0x00000000ef100000)
  to   space 5120K, 0% used [0x00000000ef100000,0x00000000ef100000,0x00000000ef600000)
 ParOldGen       total 87552K, used 16186K [0x00000000c0000000, 0x00000000c5580000, 0x00000000eab00000)
  object space 87552K, 18% used [0x00000000c0000000,0x00000000c0fce890,0x00000000c5580000)
 Metaspace       used 6243K, capacity 7152K, committed 7296K, reserved 1056768K
  class space    used 598K, capacity 616K, committed 640K, reserved 1048576K
}
Event: 3.351 GC heap before
{Heap before GC invocations=4 (full 0):
 PSYoungGen      total 71680K, used 71676K [0x00000000eab00000, 0x00000000ef600000, 0x0000000100000000)
  eden space 66560K, 100% used [0x00000000eab00000,0x00000000eec00000,0x00000000eec00000)
  from space 5120K, 99% used [0x00000000eec00000,0x00000000ef0ff2e8,0x00000000ef100000)
  to   space 5120K, 0% used [0x00000000ef100000,0x00000000ef100000,0x00000000ef600000)
 ParOldGen       total 87552K, used 16186K [0x00000000c0000000, 0x00000000c5580000, 0x00000000eab00000)
  object space 87552K, 18% used [0x00000000c0000000,0x00000000c0fce890,0x00000000c5580000)
 Metaspace       used 6285K, capacity 7152K, committed 7296K, reserved 1056768K
  class space    used 598K, capacity 616K, committed 640K, reserved 1048576K
Event: 3.380 GC heap after
Heap after GC invocations=4 (full 0):
 PSYoungGen      total 71680K, used 5088K [0x00000000eab00000, 0x00000000ef600000, 0x0000000100000000)
  eden space 66560K, 0% used [0x00000000eab00000,0x00000000eab00000,0x00000000eec00000)
  from space 5120K, 99% used [0x00000000ef100000,0x00000000ef5f8358,0x00000000ef600000)
  to   space 5120K, 0% used [0x00000000eec00000,0x00000000eec00000,0x00000000ef100000)
 ParOldGen       total 87552K, used 25852K [0x00000000c0000000, 0x00000000c5580000, 0x00000000eab00000)
  object space 87552K, 29% used [0x00000000c0000000,0x00000000c193f0c8,0x00000000c5580000)
 Metaspace       used 6285K, capacity 7152K, committed 7296K, reserved 1056768K
  class space    used 598K, capacity 616K, committed 640K, reserved 1048576K
}
Event: 4.178 GC heap before
{Heap before GC invocations=5 (full 0):
 PSYoungGen      total 71680K, used 71648K [0x00000000eab00000, 0x00000000ef600000, 0x0000000100000000)
  eden space 66560K, 100% used [0x00000000eab00000,0x00000000eec00000,0x00000000eec00000)
  from space 5120K, 99% used [0x00000000ef100000,0x00000000ef5f8358,0x00000000ef600000)
  to   space 5120K, 0% used [0x00000000eec00000,0x00000000eec00000,0x00000000ef100000)
 ParOldGen       total 87552K, used 25852K [0x00000000c0000000, 0x00000000c5580000, 0x00000000eab00000)
  object space 87552K, 29% used [0x00000000c0000000,0x00000000c193f0c8,0x00000000c5580000)
 Metaspace       used 6385K, capacity 7192K, committed 7424K, reserved 1056768K
  class space    used 618K, capacity 656K, committed 768K, reserved 1048576K
Event: 4.212 GC heap after
Heap after GC invocations=5 (full 0):
 PSYoungGen      total 71680K, used 5119K [0x00000000eab00000, 0x00000000ef600000, 0x0000000100000000)
  eden space 66560K, 0% used [0x00000000eab00000,0x00000000eab00000,0x00000000eec00000)
  from space 5120K, 99% used [0x00000000eec00000,0x00000000ef0ffed8,0x00000000ef100000)
  to   space 5120K, 0% used [0x00000000ef100000,0x00000000ef100000,0x00000000ef600000)
 ParOldGen       total 87552K, used 36066K [0x00000000c0000000, 0x00000000c5580000, 0x00000000eab00000)
  object space 87552K, 41% used [0x00000000c0000000,0x00000000c2338938,0x00000000c5580000)
 Metaspace       used 6385K, capacity 7192K, committed 7424K, reserved 1056768K
  class space    used 618K, capacity 656K, committed 768K, reserved 1048576K
}

Deoptimization events (10 events):
Event: 2.325 Thread 0x0000000016b1a000 Uncommon trap: reason=bimorphic action=maybe_recompile pc=0x0000000003441f9c method=com.android.dx.cf.code.BytecodeArray.parseInstruction(ILcom/android/dx/cf/code/BytecodeArray$Visitor;)I @ 939
Event: 3.033 Thread 0x0000000016b1b000 Uncommon trap: reason=unstable_if action=reinterpret pc=0x00000000034fda94 method=com.android.dx.rop.code.RegisterSpecSet.localItemToSpec(Lcom/android/dx/rop/code/LocalItem;)Lcom/android/dx/rop/code/RegisterSpec; @ 35
Event: 3.167 Thread 0x0000000002b6e000 Uncommon trap: reason=class_check action=maybe_recompile pc=0x0000000003544f3c method=com.android.dx.cf.code.BytecodeArray.parseInstruction(ILcom/android/dx/cf/code/BytecodeArray$Visitor;)I @ 987
Event: 3.167 Thread 0x0000000002b6e000 Uncommon trap: reason=class_check action=maybe_recompile pc=0x0000000003544f3c method=com.android.dx.cf.code.BytecodeArray.parseInstruction(ILcom/android/dx/cf/code/BytecodeArray$Visitor;)I @ 987
Event: 3.177 Thread 0x0000000002b6e000 Uncommon trap: reason=bimorphic action=maybe_recompile pc=0x00000000035481e0 method=com.android.dx.cf.code.BytecodeArray.parseInstruction(ILcom/android/dx/cf/code/BytecodeArray$Visitor;)I @ 2484
Event: 3.177 Thread 0x0000000002b6e000 Uncommon trap: reason=bimorphic action=maybe_recompile pc=0x00000000035481e0 method=com.android.dx.cf.code.BytecodeArray.parseInstruction(ILcom/android/dx/cf/code/BytecodeArray$Visitor;)I @ 2484
Event: 3.527 Thread 0x0000000016b0f800 Uncommon trap: reason=unstable_if action=reinterpret pc=0x0000000003179138 method=java.util.HashMap.putVal(ILjava/lang/Object;Ljava/lang/Object;ZZ)Ljava/lang/Object; @ 162
Event: 4.420 Thread 0x0000000016b1b000 Uncommon trap: reason=unstable_if action=reinterpret pc=0x000000000359232c method=com.android.dx.ssa.InterferenceRegisterMapper.interferes(III)Z @ 69
Event: 4.515 Thread 0x0000000016b0f800 Uncommon trap: reason=bimorphic action=maybe_recompile pc=0x00000000035e228c method=com.android.dx.cf.code.BytecodeArray.parseInstruction(ILcom/android/dx/cf/code/BytecodeArray$Visitor;)I @ 2281
Event: 4.515 Thread 0x0000000016b0f800 Uncommon trap: reason=bimorphic action=maybe_recompile pc=0x00000000035e228c method=com.android.dx.cf.code.BytecodeArray.parseInstruction(ILcom/android/dx/cf/code/BytecodeArray$Visitor;)I @ 2281

Internal exceptions (7 events):
Event: 0.350 Thread 0x0000000002b6e000 Exception <a 'java/lang/NoSuchMethodError': Method sun.misc.Unsafe.defineClass(Ljava/lang/String;[BII)Ljava/lang/Class; name or signature does not match> (0x00000000eab130c0) thrown at [C:\re\workspace\8-2-build-windows-amd64-cygwin\jdk8u66\5298\hotspot\srÕ+Tøm÷?
Event: 0.350 Thread 0x0000000002b6e000 Exception <a 'java/lang/NoSuchMethodError': Method sun.misc.Unsafe.prefetchRead(Ljava/lang/Object;J)V name or signature does not match> (0x00000000eab133a8) thrown at [C:\re\workspace\8-2-build-windows-amd64-cygwin\jdk8u66\5298\hotspot\src\share\vm\prims\jaL)©ı?
Event: 1.354 Thread 0x0000000016b1b000 Implicit null exception at 0x00000000031d1e49 to 0x00000000031d2a15
Event: 1.426 Thread 0x0000000016b1c800 Implicit null exception at 0x00000000031a3161 to 0x00000000031a3a09
Event: 3.533 Thread 0x0000000016b0f800 Exception <a 'java/lang/ArrayIndexOutOfBoundsException': 18> (0x00000000ec053b60) thrown at [C:\re\workspace\8-2-build-windows-amd64-cygwin\jdk8u66\5298\hotspot\src\share\vm\interpreter\interpreterRuntime.cpp, line 366]
Event: 3.533 Thread 0x0000000016b0f800 Exception <a 'java/lang/ArrayIndexOutOfBoundsException': 145> (0x00000000ec0556e0) thrown at [C:\re\workspace\8-2-build-windows-amd64-cygwin\jdk8u66\5298\hotspot\src\share\vm\interpreter\interpreterRuntime.cpp, line 366]
Event: 3.536 Thread 0x0000000016b0f800 Exception <a 'java/lang/ArrayIndexOutOfBoundsException'> (0x00000000ec0569c8) thrown at [C:\re\workspace\8-2-build-windows-amd64-cygwin\jdk8u66\5298\hotspot\src\share\vm\runtime\sharedRuntime.cpp, line 605]

Events (10 events):
Event: 4.212 Executing VM operation: ParallelGCFailedAllocation done
Event: 4.420 Thread 0x0000000016b1b000 Uncommon trap: trap_request=0xffffff65 fr.pc=0x000000000359232c
Event: 4.420 Thread 0x0000000016b1b000 DEOPT PACKING pc=0x000000000359232c sp=0x000000001778ec30
Event: 4.420 Thread 0x0000000016b1b000 DEOPT UNPACKING pc=0x0000000002eb582a sp=0x000000001778ebc0 mode 2
Event: 4.515 Thread 0x0000000016b0f800 Uncommon trap: trap_request=0xffffffc6 fr.pc=0x00000000035e228c
Event: 4.515 Thread 0x0000000016b0f800 DEOPT PACKING pc=0x00000000035e228c sp=0x000000001748e720
Event: 4.515 Thread 0x0000000016b0f800 DEOPT UNPACKING pc=0x0000000002eb582a sp=0x000000001748e710 mode 2
Event: 4.515 Thread 0x0000000016b0f800 Uncommon trap: trap_request=0xffffffc6 fr.pc=0x00000000035e228c
Event: 4.515 Thread 0x0000000016b0f800 DEOPT PACKING pc=0x00000000035e228c sp=0x000000001748e580
Event: 4.515 Thread 0x0000000016b0f800 DEOPT UNPACKING pc=0x0000000002eb582a sp=0x000000001748e570 mode 2


Dynamic libraries:
0x00007ff726430000 - 0x00007ff726467000 	C:\Program Files\Java\jdk1.8.0_66\bin\java.exe
0x00007ffcd2a90000 - 0x00007ffcd2c61000 	C:\WINDOWS\SYSTEM32\ntdll.dll
0x00007ffcd0a40000 - 0x00007ffcd0aeb000 	C:\WINDOWS\System32\KERNEL32.DLL
0x00007ffccef20000 - 0x00007ffccf13d000 	C:\WINDOWS\System32\KERNELBASE.dll
0x00007ffcd25a0000 - 0x00007ffcd2642000 	C:\WINDOWS\System32\ADVAPI32.dll
0x00007ffcd2000000 - 0x00007ffcd209e000 	C:\WINDOWS\System32\msvcrt.dll
0x00007ffcd0770000 - 0x00007ffcd07c9000 	C:\WINDOWS\System32\sechost.dll
0x00007ffccff10000 - 0x00007ffcd0031000 	C:\WINDOWS\System32\RPCRT4.dll
0x00007ffcd0420000 - 0x00007ffcd0585000 	C:\WINDOWS\System32\USER32.dll
0x00007ffccee80000 - 0x00007ffccee9e000 	C:\WINDOWS\System32\win32u.dll
0x00007ffcd0050000 - 0x00007ffcd0084000 	C:\WINDOWS\System32\GDI32.dll
0x00007ffccf2a0000 - 0x00007ffccf422000 	C:\WINDOWS\System32\gdi32full.dll
0x00007ffcc4140000 - 0x00007ffcc43b9000 	C:\WINDOWS\WinSxS\amd64_microsoft.windows.common-controls_6595b64144ccf1df_6.0.14393.0_none_2d0f50fcbdb171b8\COMCTL32.dll
0x00007ffcd2110000 - 0x00007ffcd23d7000 	C:\WINDOWS\System32\combase.dll
0x00007ffcced30000 - 0x00007ffccee25000 	C:\WINDOWS\System32\ucrtbase.dll
0x00007ffcceeb0000 - 0x00007ffccef1a000 	C:\WINDOWS\System32\bcryptPrimitives.dll
0x00007ffccfe80000 - 0x00007ffccfeae000 	C:\WINDOWS\System32\IMM32.DLL
0x000000006d500000 - 0x000000006d5d2000 	C:\Program Files\Java\jdk1.8.0_66\jre\bin\msvcr100.dll
0x000000006cc70000 - 0x000000006d4f9000 	C:\Program Files\Java\jdk1.8.0_66\jre\bin\server\jvm.dll
0x00007ffccf430000 - 0x00007ffccf453000 	C:\WINDOWS\System32\WINMM.dll
0x00007ffccecc0000 - 0x00007ffcceceb000 	C:\WINDOWS\System32\WINMMBASE.dll
0x00007ffccfe10000 - 0x00007ffccfe52000 	C:\WINDOWS\System32\cfgmgr32.dll
0x00007ffcd2a80000 - 0x00007ffcd2a88000 	C:\WINDOWS\System32\PSAPI.DLL
0x00007ffcc3610000 - 0x00007ffcc3619000 	C:\WINDOWS\SYSTEM32\WSOCK32.dll
0x00007ffcd07d0000 - 0x00007ffcd083a000 	C:\WINDOWS\System32\WS2_32.dll
0x00007ffcc0f60000 - 0x00007ffcc0f6a000 	C:\WINDOWS\SYSTEM32\VERSION.dll
0x000000006cc60000 - 0x000000006cc6f000 	C:\Program Files\Java\jdk1.8.0_66\jre\bin\verify.dll
0x000000006cc30000 - 0x000000006cc59000 	C:\Program Files\Java\jdk1.8.0_66\jre\bin\java.dll
0x000000006cc10000 - 0x000000006cc26000 	C:\Program Files\Java\jdk1.8.0_66\jre\bin\zip.dll
0x00007ffcd0af0000 - 0x00007ffcd1ff8000 	C:\WINDOWS\System32\SHELL32.dll
0x00007ffccf560000 - 0x00007ffccfc3a000 	C:\WINDOWS\System32\windows.storage.dll
0x00007ffccee30000 - 0x00007ffccee7c000 	C:\WINDOWS\System32\powrprof.dll
0x00007ffcd03a0000 - 0x00007ffcd03f2000 	C:\WINDOWS\System32\shlwapi.dll
0x00007ffcced20000 - 0x00007ffcced2f000 	C:\WINDOWS\System32\kernel.appcore.dll
0x00007ffccf1f0000 - 0x00007ffccf299000 	C:\WINDOWS\System32\shcore.dll
0x00007ffccecf0000 - 0x00007ffcced04000 	C:\WINDOWS\System32\profapi.dll

VM Arguments:
jvm_args: -Djava.awt.headless=true -Xmx1024M -Dfile.encoding=GBK -Duser.country=US -Duser.language=en -Duser.variant 
java_command: com.android.dx.command.Main --dex --force-jumbo --num-threads=4 --multi-dex --output C:\Users\Administrator\Desktop\ECE651\Project\FrontEnd\FreeX\app\build\intermediates\transforms\dex\debug\folders\1000\10\com.android.support-support-v4-23.4.0_f4c525cc8ebc9ccfd466ca3950855eb2e3bb3b3b C:\Users\Administrator\Desktop\ECE651\Project\FrontEnd\FreeX\app\build\intermediates\exploded-aar\com.android.support\support-v4\23.4.0\jars\classes.jar
java_class_path (initial): E:\Android\sdk\build-tools\23.0.1\lib\dx.jar
Launcher Type: SUN_STANDARD

Environment Variables:
PATH=C:\ProgramData\Oracle\Java\javapath;C:\Program Files\AuthenTec TrueSuite\;C:\WINDOWS\system32;C:\WINDOWS;C:\WINDOWS\System32\Wbem;C:\WINDOWS\System32\WindowsPowerShell\v1.0\;C:\Program Files\Microsoft SQL Server\120\Tools\Binn\;C:\Program Files (x86)\Windows Kits\10\Windows Performance Toolkit\;C:\Program Files (x86)\nodejs\;C:\CTEX\UserData\miktex\bin;C:\CTEX\MiKTeX\miktex\bin;C:\CTEX\CTeX\ctex\bin;C:\CTEX\CTeX\cct\bin;C:\CTEX\CTeX\ty\bin;C:\CTEX\Ghostscript\gs9.05\bin;C:\CTEX\GSview\gsview;C:\CTEX\WinEdt;C:\Program Files\Condusiv Technologies\ExpressCache\;C:\Program Files\Git\cmd;C:\WINDOWS\system32\config\systemprofile\.dnx\bin;C:\Program Files\Microsoft DNX\Dnvm\;C:\Program Files (x86)\Intel\OpenCL SDK\2.0\bin\x86;C:\Program Files (x86)\Intel\OpenCL SDK\2.0\bin\x64;C:\Program Files (x86)\GtkSharp\2.12\bin;C:\Ruby22\bin;C:\Users\Administrator\AppData\Local\Programs\Python\Python35\Scripts\;C:\Users\Administrator\AppData\Local\Programs\Python\Python35\;C:\Users\Administrator\AppData\Roaming\npm;C:\Program Files\Bandizip\7z;C:\Users\Administrator\AppData\Local\Microsoft\WindowsApps;
USERNAME=Administrator
OS=Windows_NT
PROCESSOR_IDENTIFIER=Intel64 Family 6 Model 42 Stepping 7, GenuineIntel



---------------  S Y S T E M  ---------------

OS: Windows 10.0 , 64 bit Build 14393 (10.0.14393.0)

CPU:total 4 (2 cores per cpu, 2 threads per core) family 6 model 42 stepping 7, cmov, cx8, fxsr, mmx, sse, sse2, sse3, ssse3, sse4.1, sse4.2, popcnt, avx, aes, clmul, ht, tsc, tscinvbit

Memory: 4k page, physical 8268012k(803284k free), swap 8792300k(5168k free)

vm_info: Java HotSpot(TM) 64-Bit Server VM (25.66-b18) for windows-amd64 JRE (1.8.0_66-b18), built on Nov  9 2015 10:51:13 by "java_re" with MS VC++ 10.0 (VS2010)

time: Wed Oct 05 18:45:04 2016
elapsed time: 4 seconds (0d 0h 0m 4s)

