#
# There is insufficient memory for the Java Runtime Environment to continue.
# Native memory allocation (malloc) failed to allocate 32744 bytes for ChunkPool::allocate
# Possible reasons:
#   The system is out of physical RAM or swap space
#   In 32 bit mode, the process size limit was hit
# Possible solutions:
#   Reduce memory load on the system
#   Increase physical memory or swap space
#   Check if swap backing store is full
#   Use 64 bit Java on a 64 bit OS
#   Decrease Java heap size (-Xmx/-Xms)
#   Decrease number of Java threads
#   Decrease Java thread stack sizes (-Xss)
#   Set larger code cache with -XX:ReservedCodeCacheSize=
# This output file may be truncated or incomplete.
#
#  Out of Memory Error (allocation.cpp:273), pid=10044, tid=4884
#
# JRE version: Java(TM) SE Runtime Environment (8.0_66-b18) (build 1.8.0_66-b18)
# Java VM: Java HotSpot(TM) 64-Bit Server VM (25.66-b18 mixed mode windows-amd64 compressed oops)
# Failed to write core dump. Minidumps are not enabled by default on client versions of Windows
#

---------------  T H R E A D  ---------------

Current thread (0x0000000015031800):  JavaThread "C2 CompilerThread0" daemon [_thread_in_native, id=4884, stack(0x0000000016a40000,0x0000000016b40000)]

Stack: [0x0000000016a40000,0x0000000016b40000]
[error occurred during error reporting (printing stack bounds), id 0xc0000005]

Native frames: (J=compiled Java code, j=interpreted, Vv=VM code, C=native code)


Current CompileTask:
C2:   2566   29       4       sun.nio.cs.ext.DoubleByte$Encoder::encodeChar (21 bytes)


---------------  P R O C E S S  ---------------

Java Threads: ( => current thread )
  0x000000001649d000 JavaThread "Service Thread" daemon [_thread_blocked, id=10664, stack(0x0000000016d40000,0x0000000016e40000)]
  0x0000000016499000 JavaThread "C1 CompilerThread2" daemon [_thread_blocked, id=4576, stack(0x0000000016c40000,0x0000000016d40000)]
  0x000000001503c000 JavaThread "C2 CompilerThread1" daemon [_thread_blocked, id=8104, stack(0x0000000016b40000,0x0000000016c40000)]
=>0x0000000015031800 JavaThread "C2 CompilerThread0" daemon [_thread_in_native, id=4884, stack(0x0000000016a40000,0x0000000016b40000)]
  0x0000000014fed800 JavaThread "Attach Listener" daemon [_thread_blocked, id=6168, stack(0x0000000016940000,0x0000000016a40000)]
  0x0000000016448800 JavaThread "Signal Dispatcher" daemon [_thread_blocked, id=3892, stack(0x0000000016840000,0x0000000016940000)]
  0x0000000002901800 JavaThread "Finalizer" daemon [_thread_blocked, id=1488, stack(0x0000000016250000,0x0000000016350000)]
  0x00000000028fe800 JavaThread "Reference Handler" daemon [_thread_blocked, id=804, stack(0x0000000016150000,0x0000000016250000)]

Other Threads:
  0x0000000014fa8800 VMThread [stack: 0x0000000016050000,0x0000000016150000] [id=8888]
  0x00000000164b0000 WatcherThread [stack: 0x0000000016e40000,0x0000000016f40000] [id=10508]

VM state:not at safepoint (normal execution)

VM Mutex/Monitor currently owned by a thread: None

Heap:
 PSYoungGen      total 38400K, used 3328K [0x00000000eab00000, 0x00000000ed580000, 0x0000000100000000)
  eden space 33280K, 10% used [0x00000000eab00000,0x00000000eae40268,0x00000000ecb80000)
  from space 5120K, 0% used [0x00000000ed080000,0x00000000ed080000,0x00000000ed580000)
  to   space 5120K, 0% used [0x00000000ecb80000,0x00000000ecb80000,0x00000000ed080000)
 ParOldGen       total 87552K, used 0K [0x00000000c0000000, 0x00000000c5580000, 0x00000000eab00000)
  object space 87552K, 0% used [0x00000000c0000000,0x00000000c0000000,0x00000000c5580000)
 Metaspace       used 2551K, capacity 4480K, committed 4480K, reserved 1056768K
  class space    used 280K, capacity 384K, committed 384K, reserved 1048576K

Card table byte_map: [0x0000000011cd0000,0x0000000011ee0000] byte_map_base: 0x00000000116d0000

Marking Bits: (ParMarkBitMap*) 0x000000006d47a5b0
 Begin Bits: [0x0000000012440000, 0x0000000013440000)
 End Bits:   [0x0000000013440000, 0x0000000014440000)

Polling page: 0x0000000002330000

CodeCache: size=245760Kb used=1104Kb max_used=1104Kb free=244656Kb
 bounds [0x0000000002910000, 0x0000000002b80000, 0x0000000011910000]
 total_blobs=260 nmethods=30 adapters=144
 compilation: enabled

Compilation events (10 events):
Event: 2.562 Thread 0x0000000016499000   23       3       sun.nio.cs.ext.DoubleByte$Encoder::encodeChar (21 bytes)
Event: 2.563 Thread 0x0000000016499000 nmethod 23 0x0000000002a207d0 code [0x0000000002a20940, 0x0000000002a20af0]
Event: 2.563 Thread 0x0000000016499000   24       1       java.nio.Buffer::position (5 bytes)
Event: 2.563 Thread 0x0000000016499000 nmethod 24 0x0000000002a20c50 code [0x0000000002a20da0, 0x0000000002a20eb0]
Event: 2.563 Thread 0x0000000016499000   25       3       java.lang.String::getChars (62 bytes)
Event: 2.563 Thread 0x0000000016499000 nmethod 25 0x0000000002a20f10 code [0x0000000002a210c0, 0x0000000002a214f8]
Event: 2.563 Thread 0x0000000016499000   26       1       java.nio.Buffer::limit (5 bytes)
Event: 2.563 Thread 0x0000000016499000 nmethod 26 0x0000000002a21710 code [0x0000000002a21860, 0x0000000002a21970]
Event: 2.564 Thread 0x0000000016499000   27       3       java.util.Arrays::copyOfRange (63 bytes)
Event: 2.564 Thread 0x0000000015031800   29       4       sun.nio.cs.ext.DoubleByte$Encoder::encodeChar (21 bytes)

GC Heap History (0 events):
No events

Deoptimization events (0 events):
No events

Internal exceptions (6 events):
Event: 1.353 Thread 0x000000000235e000 Exception <a 'java/lang/NoSuchMethodError': Method sun.misc.Unsafe.defineClass(Ljava/lang/String;[BII)Ljava/lang/Class; name or signature does not match> (0x00000000eab130c0) thrown at [C:\re\workspace\8-2-build-windows-amd64-cygwin\jdk8u66\5298\hotspot\sr…°Ý¤õ?
Event: 1.353 Thread 0x000000000235e000 Exception <a 'java/lang/NoSuchMethodError': Method sun.misc.Unsafe.prefetchRead(Ljava/lang/Object;J)V name or signature does not match> (0x00000000eab133a8) thrown at [C:\re\workspace\8-2-build-windows-amd64-cygwin\jdk8u66\5298\hotspot\src\share\vm\prims\j@¾Çáy@
Event: 2.560 Thread 0x000000000235e000 Exception <a 'java/lang/OutOfMemoryError'> (0x00000000eac58ea0) thrown at [C:\re\workspace\8-2-build-windows-amd64-cygwin\jdk8u66\5298\hotspot\src\share\vm\prims\jni.cpp, line 735]
Event: 2.560 Thread 0x000000000235e000 Exception <a 'java/lang/OutOfMemoryError'> (0x00000000eac58ea0) thrown at [C:\re\workspace\8-2-build-windows-amd64-cygwin\jdk8u66\5298\hotspot\src\share\vm\prims\jvm.cpp, line 1390]
Event: 2.560 Thread 0x000000000235e000 Exception <a 'java/lang/OutOfMemoryError'> (0x00000000eac58ea0) thrown at [C:\re\workspace\8-2-build-windows-amd64-cygwin\jdk8u66\5298\hotspot\src\share\vm\prims\jvm.cpp, line 1390]
Event: 2.560 Thread 0x000000000235e000 Exception <a 'java/lang/OutOfMemoryError'> (0x00000000eac58ea0) thrown at [C:\re\workspace\8-2-build-windows-amd64-cygwin\jdk8u66\5298\hotspot\src\share\vm\prims\jvm.cpp, line 1390]

Events (10 events):
Event: 2.560 loading class java/io/IOException
Event: 2.560 loading class java/io/IOException done
Event: 2.560 loading class java/lang/Throwable$WrappedPrintStream
Event: 2.560 loading class java/lang/Throwable$PrintStreamOrWriter
Event: 2.560 loading class java/lang/Throwable$PrintStreamOrWriter done
Event: 2.560 loading class java/lang/Throwable$WrappedPrintStream done
Event: 2.560 loading class java/util/IdentityHashMap
Event: 2.561 loading class java/util/IdentityHashMap done
Event: 2.561 loading class java/util/IdentityHashMap$KeySet
Event: 2.561 loading class java/util/IdentityHashMap$KeySet done


Dynamic libraries:
0x00007ff726430000 - 0x00007ff726467000 	C:\Program Files\Java\jdk1.8.0_66\bin\java.exe
0x00007ffcd2a90000 - 0x00007ffcd2c61000 	C:\WINDOWS\SYSTEM32\ntdll.dll
0x00007ffcd0a40000 - 0x00007ffcd0aeb000 	C:\WINDOWS\System32\KERNEL32.DLL
0x00007ffccef20000 - 0x00007ffccf13d000 	C:\WINDOWS\System32\KERNELBASE.dll
0x00007ffcd25a0000 - 0x00007ffcd2642000 	C:\WINDOWS\System32\ADVAPI32.dll
0x00007ffcd2000000 - 0x00007ffcd209e000 	C:\WINDOWS\System32\msvcrt.dll
0x00007ffcd0770000 - 0x00007ffcd07c9000 	C:\WINDOWS\System32\sechost.dll
0x00007ffccff10000 - 0x00007ffcd0031000 	C:\WINDOWS\System32\RPCRT4.dll
0x00007ffcd0420000 - 0x00007ffcd0585000 	C:\WINDOWS\System32\USER32.dll
0x00007ffccee80000 - 0x00007ffccee9e000 	C:\WINDOWS\System32\win32u.dll
0x00007ffcd0050000 - 0x00007ffcd0084000 	C:\WINDOWS\System32\GDI32.dll
0x00007ffccf2a0000 - 0x00007ffccf422000 	C:\WINDOWS\System32\gdi32full.dll
0x00007ffcc4140000 - 0x00007ffcc43b9000 	C:\WINDOWS\WinSxS\amd64_microsoft.windows.common-controls_6595b64144ccf1df_6.0.14393.0_none_2d0f50fcbdb171b8\COMCTL32.dll
0x00007ffcd2110000 - 0x00007ffcd23d7000 	C:\WINDOWS\System32\combase.dll
0x00007ffcced30000 - 0x00007ffccee25000 	C:\WINDOWS\System32\ucrtbase.dll
0x00007ffcceeb0000 - 0x00007ffccef1a000 	C:\WINDOWS\System32\bcryptPrimitives.dll
0x00007ffccfe80000 - 0x00007ffccfeae000 	C:\WINDOWS\System32\IMM32.DLL
0x000000006d500000 - 0x000000006d5d2000 	C:\Program Files\Java\jdk1.8.0_66\jre\bin\msvcr100.dll
0x000000006cc70000 - 0x000000006d4f9000 	C:\Program Files\Java\jdk1.8.0_66\jre\bin\server\jvm.dll
0x00007ffccf430000 - 0x00007ffccf453000 	C:\WINDOWS\System32\WINMM.dll
0x00007ffccecc0000 - 0x00007ffcceceb000 	C:\WINDOWS\System32\WINMMBASE.dll
0x00007ffccfe10000 - 0x00007ffccfe52000 	C:\WINDOWS\System32\cfgmgr32.dll
0x00007ffcd2a80000 - 0x00007ffcd2a88000 	C:\WINDOWS\System32\PSAPI.DLL
0x00007ffcc3610000 - 0x00007ffcc3619000 	C:\WINDOWS\SYSTEM32\WSOCK32.dll
0x00007ffcd07d0000 - 0x00007ffcd083a000 	C:\WINDOWS\System32\WS2_32.dll
0x00007ffcc0f60000 - 0x00007ffcc0f6a000 	C:\WINDOWS\SYSTEM32\VERSION.dll
0x000000006cc60000 - 0x000000006cc6f000 	C:\Program Files\Java\jdk1.8.0_66\jre\bin\verify.dll
0x000000006cc30000 - 0x000000006cc59000 	C:\Program Files\Java\jdk1.8.0_66\jre\bin\java.dll
0x000000006cc10000 - 0x000000006cc26000 	C:\Program Files\Java\jdk1.8.0_66\jre\bin\zip.dll
0x00007ffcd0af0000 - 0x00007ffcd1ff8000 	C:\WINDOWS\System32\SHELL32.dll
0x00007ffccf560000 - 0x00007ffccfc3a000 	C:\WINDOWS\System32\windows.storage.dll
0x00007ffccee30000 - 0x00007ffccee7c000 	C:\WINDOWS\System32\powrprof.dll
0x00007ffcd03a0000 - 0x00007ffcd03f2000 	C:\WINDOWS\System32\shlwapi.dll
0x00007ffcced20000 - 0x00007ffcced2f000 	C:\WINDOWS\System32\kernel.appcore.dll
0x00007ffccf1f0000 - 0x00007ffccf299000 	C:\WINDOWS\System32\shcore.dll
0x00007ffccecf0000 - 0x00007ffcced04000 	C:\WINDOWS\System32\profapi.dll

VM Arguments:
jvm_args: -Djava.awt.headless=true -Xmx1024M -Dfile.encoding=GBK -Duser.country=US -Duser.language=en -Duser.variant 
java_command: com.android.dx.command.Main --dex --force-jumbo --num-threads=4 --multi-dex --output C:\Users\Administrator\Desktop\ECE651\Project\FrontEnd\FreeX\app\build\intermediates\transforms\dex\debug\folders\1000\5\slice_4 C:\Users\Administrator\Desktop\ECE651\Project\FrontEnd\FreeX\app\build\intermediates\transforms\instantRunSlicer\debug\folders\1\5\slice_4
java_class_path (initial): E:\Android\sdk\build-tools\23.0.1\lib\dx.jar
Launcher Type: SUN_STANDARD

Environment Variables:
PATH=C:\ProgramData\Oracle\Java\javapath;C:\Program Files\AuthenTec TrueSuite\;C:\WINDOWS\system32;C:\WINDOWS;C:\WINDOWS\System32\Wbem;C:\WINDOWS\System32\WindowsPowerShell\v1.0\;C:\Program Files\Microsoft SQL Server\120\Tools\Binn\;C:\Program Files (x86)\Windows Kits\10\Windows Performance Toolkit\;C:\Program Files (x86)\nodejs\;C:\CTEX\UserData\miktex\bin;C:\CTEX\MiKTeX\miktex\bin;C:\CTEX\CTeX\ctex\bin;C:\CTEX\CTeX\cct\bin;C:\CTEX\CTeX\ty\bin;C:\CTEX\Ghostscript\gs9.05\bin;C:\CTEX\GSview\gsview;C:\CTEX\WinEdt;C:\Program Files\Condusiv Technologies\ExpressCache\;C:\Program Files\Git\cmd;C:\WINDOWS\system32\config\systemprofile\.dnx\bin;C:\Program Files\Microsoft DNX\Dnvm\;C:\Program Files (x86)\Intel\OpenCL SDK\2.0\bin\x86;C:\Program Files (x86)\Intel\OpenCL SDK\2.0\bin\x64;C:\Program Files (x86)\GtkSharp\2.12\bin;C:\Ruby22\bin;C:\Users\Administrator\AppData\Local\Programs\Python\Python35\Scripts\;C:\Users\Administrator\AppData\Local\Programs\Python\Python35\;C:\Users\Administrator\AppData\Roaming\npm;C:\Program Files\Bandizip\7z;C:\Users\Administrator\AppData\Local\Microsoft\WindowsApps;
USERNAME=Administrator
OS=Windows_NT
PROCESSOR_IDENTIFIER=Intel64 Family 6 Model 42 Stepping 7, GenuineIntel



---------------  S Y S T E M  ---------------

OS: Windows 10.0 , 64 bit Build 14393 (10.0.14393.0)

CPU:total 4 (2 cores per cpu, 2 threads per core) family 6 model 42 stepping 7, cmov, cx8, fxsr, mmx, sse, sse2, sse3, ssse3, sse4.1, sse4.2, popcnt, avx, aes, clmul, ht, tsc, tscinvbit

Memory: 4k page, physical 8268012k(813832k free), swap 8792300k(5120k free)

vm_info: Java HotSpot(TM) 64-Bit Server VM (25.66-b18) for windows-amd64 JRE (1.8.0_66-b18), built on Nov  9 2015 10:51:13 by "java_re" with MS VC++ 10.0 (VS2010)

time: Wed Oct 05 18:45:04 2016
elapsed time: 2 seconds (0d 0h 0m 2s)

